执行日期：2016-05-23-22：33：25
【支付成功】:
<xml><appid><![CDATA[wxa7a11ea7cb773a0e]]></appid>
<bank_type><![CDATA[CFT]]></bank_type>
<cash_fee><![CDATA[1]]></cash_fee>
<fee_type><![CDATA[CNY]]></fee_type>
<is_subscribe><![CDATA[Y]]></is_subscribe>
<mch_id><![CDATA[1335694701]]></mch_id>
<nonce_str><![CDATA[0b0600755e317f82a551a8d4406aee7e]]></nonce_str>
<openid><![CDATA[oXEUrv83BF4AGG9B89aMvIg4XpjY]]></openid>
<out_trade_no><![CDATA[CSMAX201605231728376327]]></out_trade_no>
<result_code><![CDATA[SUCCESS]]></result_code>
<return_code><![CDATA[SUCCESS]]></return_code>
<sign><![CDATA[450548890377CB00060FC4FC5D974027]]></sign>
<time_end><![CDATA[20160523222929]]></time_end>
<total_fee>1</total_fee>
<trade_type><![CDATA[JSAPI]]></trade_type>
<transaction_id><![CDATA[4010092001201605236218781534]]></transaction_id>
</xml>


执行日期：2016-05-23-22：33：25
【接收到的notify通知】:
[]


执行日期：2016-05-23-22：34：18
【支付成功】:
<xml><appid><![CDATA[wxa7a11ea7cb773a0e]]></appid>
<bank_type><![CDATA[CFT]]></bank_type>
<cash_fee><![CDATA[1]]></cash_fee>
<fee_type><![CDATA[CNY]]></fee_type>
<is_subscribe><![CDATA[Y]]></is_subscribe>
<mch_id><![CDATA[1335694701]]></mch_id>
<nonce_str><![CDATA[b1714544ac6ddd849d8eb0c87b9bae90]]></nonce_str>
<openid><![CDATA[oXEUrv83BF4AGG9B89aMvIg4XpjY]]></openid>
<out_trade_no><![CDATA[CSMAX201605232234118404]]></out_trade_no>
<result_code><![CDATA[SUCCESS]]></result_code>
<return_code><![CDATA[SUCCESS]]></return_code>
<sign><![CDATA[B1ECEF7055B747FDA909FD91DB175EC0]]></sign>
<time_end><![CDATA[20160523223421]]></time_end>
<total_fee>1</total_fee>
<trade_type><![CDATA[JSAPI]]></trade_type>
<transaction_id><![CDATA[4010092001201605236218874695]]></transaction_id>
</xml>


执行日期：2016-05-23-22：34：18
【接收到的notify通知】:
[]


执行日期：2016-05-23-22：34：32
【支付成功】:
<xml><appid><![CDATA[wxa7a11ea7cb773a0e]]></appid>
<bank_type><![CDATA[CFT]]></bank_type>
<cash_fee><![CDATA[1]]></cash_fee>
<fee_type><![CDATA[CNY]]></fee_type>
<is_subscribe><![CDATA[Y]]></is_subscribe>
<mch_id><![CDATA[1335694701]]></mch_id>
<nonce_str><![CDATA[b1714544ac6ddd849d8eb0c87b9bae90]]></nonce_str>
<openid><![CDATA[oXEUrv83BF4AGG9B89aMvIg4XpjY]]></openid>
<out_trade_no><![CDATA[CSMAX201605232234118404]]></out_trade_no>
<result_code><![CDATA[SUCCESS]]></result_code>
<return_code><![CDATA[SUCCESS]]></return_code>
<sign><![CDATA[B1ECEF7055B747FDA909FD91DB175EC0]]></sign>
<time_end><![CDATA[20160523223421]]></time_end>
<total_fee>1</total_fee>
<trade_type><![CDATA[JSAPI]]></trade_type>
<transaction_id><![CDATA[4010092001201605236218874695]]></transaction_id>
</xml>


执行日期：2016-05-23-22：34：32
【接收到的notify通知】:
[]


执行日期：2016-05-23-22：34：48
【支付成功】:
<xml><appid><![CDATA[wxa7a11ea7cb773a0e]]></appid>
<bank_type><![CDATA[CFT]]></bank_type>
<cash_fee><![CDATA[1]]></cash_fee>
<fee_type><![CDATA[CNY]]></fee_type>
<is_subscribe><![CDATA[Y]]></is_subscribe>
<mch_id><![CDATA[1335694701]]></mch_id>
<nonce_str><![CDATA[b1714544ac6ddd849d8eb0c87b9bae90]]></nonce_str>
<openid><![CDATA[oXEUrv83BF4AGG9B89aMvIg4XpjY]]></openid>
<out_trade_no><![CDATA[CSMAX201605232234118404]]></out_trade_no>
<result_code><![CDATA[SUCCESS]]></result_code>
<return_code><![CDATA[SUCCESS]]></return_code>
<sign><![CDATA[B1ECEF7055B747FDA909FD91DB175EC0]]></sign>
<time_end><![CDATA[20160523223421]]></time_end>
<total_fee>1</total_fee>
<trade_type><![CDATA[JSAPI]]></trade_type>
<transaction_id><![CDATA[4010092001201605236218874695]]></transaction_id>
</xml>


执行日期：2016-05-23-22：34：48
【接收到的notify通知】:
[]


执行日期：2016-05-23-22：35：20
【支付成功】:
<xml><appid><![CDATA[wxa7a11ea7cb773a0e]]></appid>
<bank_type><![CDATA[CFT]]></bank_type>
<cash_fee><![CDATA[1]]></cash_fee>
<fee_type><![CDATA[CNY]]></fee_type>
<is_subscribe><![CDATA[Y]]></is_subscribe>
<mch_id><![CDATA[1335694701]]></mch_id>
<nonce_str><![CDATA[b1714544ac6ddd849d8eb0c87b9bae90]]></nonce_str>
<openid><![CDATA[oXEUrv83BF4AGG9B89aMvIg4XpjY]]></openid>
<out_trade_no><![CDATA[CSMAX201605232234118404]]></out_trade_no>
<result_code><![CDATA[SUCCESS]]></result_code>
<return_code><![CDATA[SUCCESS]]></return_code>
<sign><![CDATA[B1ECEF7055B747FDA909FD91DB175EC0]]></sign>
<time_end><![CDATA[20160523223421]]></time_end>
<total_fee>1</total_fee>
<trade_type><![CDATA[JSAPI]]></trade_type>
<transaction_id><![CDATA[4010092001201605236218874695]]></transaction_id>
</xml>


执行日期：2016-05-23-22：35：20
【接收到的notify通知】:
[]


执行日期：2016-05-23-22：38：21
【接收到的notify通知】:
[]


执行日期：2016-05-23-22：41：24
【qnmlgb】:
[]


执行日期：2016-05-23-22：41：37
【qnmlgb】:
[]


执行日期：2016-05-23-22：41：55
【qnmlgb】:
[]


执行日期：2016-05-23-22：42：18
【qnmlgb】:
[]


执行日期：2016-05-23-22：42：27
【qnmlgb】:
[]


执行日期：2016-05-23-22：45：28
【qnmlgb】:
[]


执行日期：2016-05-23-22：48：03
【qnmlgb】:
{"order_id":"43","member_id":"1"}


执行日期：2016-05-23-22：48：16
【qnmlgb】:
{"order_id":"43","member_id":"1"}


执行日期：2016-05-23-22：48：33
【qnmlgb】:
{"order_id":"43","member_id":"1"}


执行日期：2016-05-23-22：49：04
【qnmlgb】:
{"order_id":"43","member_id":"1"}


执行日期：2016-05-23-22：52：06
【qnmlgb】:
{"order_id":"43","member_id":"1"}


执行日期：2016-05-23-22：57：19
【qnmlgb】:
{"order_id":"26","member_id":"1"}


执行日期：2016-05-23-23：03：28
【qnmlgb】:
{"order_id":"27","member_id":"1"}


执行日期：2016-05-23-23：08：23
【qnmlgb】:
{"order_id":"41","member_id":"1"}


执行日期：2016-05-23-23：12：20
【qnmlgb】:
{"order_id":"28","member_id":"1"}


执行日期：2016-05-23-23：15：30
【qnmlgb】:
{"order_id":"42","member_id":"1"}


执行日期：2016-05-23-23：22：08
【qnmlgb】:
{"order_id":"43","member_id":"1"}


执行日期：2016-05-23-23：27：21
【qnmlgb】:
{"order_id":"26","member_id":"1"}


执行日期：2016-05-23-23：33：29
【qnmlgb】:
{"order_id":"27","member_id":"1"}


执行日期：2016-05-23-23：38：26
【qnmlgb】:
{"order_id":"41","member_id":"1"}


执行日期：2016-05-23-23：42：22
【qnmlgb】:
{"order_id":"28","member_id":"1"}


执行日期：2016-05-23-23：45：32
【qnmlgb】:
{"order_id":"42","member_id":"1"}


执行日期：2016-05-23-23：52：09
【qnmlgb】:
{"order_id":"43","member_id":"1"}


执行日期：2016-05-23-23：57：23
【qnmlgb】:
{"order_id":"26","member_id":"1"}


执行日期：2016-05-24-00：03：31
【qnmlgb】:
{"order_id":"27","member_id":"1"}


执行日期：2016-05-24-00：08：29
【qnmlgb】:
{"order_id":"41","member_id":"1"}


执行日期：2016-05-24-00：12：24
【qnmlgb】:
{"order_id":"28","member_id":"1"}


执行日期：2016-05-24-00：15：36
【qnmlgb】:
{"order_id":"42","member_id":"1"}


执行日期：2016-05-24-00：22：10
【qnmlgb】:
{"order_id":"43","member_id":"1"}


执行日期：2016-05-24-00：27：26
【qnmlgb】:
{"order_id":"26","member_id":"1"}


执行日期：2016-05-24-00：33：34
【qnmlgb】:
{"order_id":"27","member_id":"1"}


执行日期：2016-05-24-00：38：30
【qnmlgb】:
{"order_id":"41","member_id":"1"}


执行日期：2016-05-24-00：45：38
【qnmlgb】:
{"order_id":"42","member_id":"1"}


执行日期：2016-05-24-00：52：12
【qnmlgb】:
{"order_id":"43","member_id":"1"}


执行日期：2016-05-24-01：12：27
【qnmlgb】:
{"order_id":"28","member_id":"1"}


执行日期：2016-05-24-01：27：28
【qnmlgb】:
{"order_id":"26","member_id":"1"}


执行日期：2016-05-24-01：33：36
【qnmlgb】:
{"order_id":"27","member_id":"1"}


执行日期：2016-05-24-01：38：32
【qnmlgb】:
{"order_id":"41","member_id":"1"}


执行日期：2016-05-24-01：45：40
【qnmlgb】:
{"order_id":"42","member_id":"1"}


执行日期：2016-05-24-01：52：14
【qnmlgb】:
{"order_id":"43","member_id":"1"}


执行日期：2016-05-24-08：43：53
【qnmlgb】:
{"order_id":"44","member_id":"1"}


执行日期：2016-05-24-08：44：07
【qnmlgb】:
{"order_id":"44","member_id":"1"}


执行日期：2016-05-24-08：44：24
【qnmlgb】:
{"order_id":"44","member_id":"1"}


执行日期：2016-05-24-08：44：55
【qnmlgb】:
{"order_id":"44","member_id":"1"}


执行日期：2016-05-24-08：47：57
【qnmlgb】:
{"order_id":"44","member_id":"1"}


执行日期：2016-05-24-09：01：30
【qnmlgb】:
{"order_id":"46","member_id":"1"}


执行日期：2016-05-24-09：01：44
【qnmlgb】:
{"order_id":"46","member_id":"1"}


执行日期：2016-05-24-09：02：01
【qnmlgb】:
{"order_id":"46","member_id":"1"}


执行日期：2016-05-24-09：02：32
【qnmlgb】:
{"order_id":"46","member_id":"1"}


执行日期：2016-05-24-09：05：35
【qnmlgb】:
{"order_id":"46","member_id":"1"}


执行日期：2016-05-24-09：18：01
【qnmlgb】:
{"order_id":"44","member_id":"1"}


